SF:lib\core\error\failures.dart
DA:5,2
DA:10,0
DA:16,2
DA:18,1
DA:19,2
DA:24,2
DA:26,1
DA:27,2
DA:33,2
DA:35,1
DA:36,3
DA:42,2
DA:44,1
DA:45,3
DA:50,2
DA:52,1
DA:53,1
DA:60,0
DA:62,0
DA:63,0
DA:68,4
DA:70,1
DA:71,3
DA:76,2
DA:78,1
DA:79,3
DA:83,2
DA:85,1
DA:86,1
DA:90,2
DA:92,1
DA:93,1
LF:32
LH:28
end_of_record
SF:lib\features\articles\domain\entities\article.dart
DA:4,1
DA:9,0
DA:10,0
LF:3
LH:1
end_of_record
SF:lib\features\articles\domain\usecases\most_popular.dart
DA:11,1
DA:15,1
DA:19,4
DA:26,1
LF:4
LH:4
end_of_record
SF:lib\features\articles\domain\usecases\search_uc.dart
DA:9,1
DA:13,1
DA:17,3
DA:24,1
LF:4
LH:4
end_of_record
SF:lib\features\articles\presentation\cubit\articles_cubit.dart
DA:14,1
DA:17,2
DA:19,1
DA:20,2
DA:21,2
DA:22,1
DA:23,1
DA:24,3
DA:26,1
DA:27,1
DA:28,1
DA:36,1
DA:37,2
DA:38,2
DA:40,2
DA:41,2
DA:42,1
DA:45,1
DA:46,1
DA:47,3
DA:49,1
DA:50,2
LF:22
LH:22
end_of_record
SF:lib\features\articles\presentation\cubit\articles_state.dart
DA:4,1
DA:13,1
DA:20,1
LF:3
LH:3
end_of_record
